<?xml version="1.0" encoding="UTF-8"?>
<testsuite xmlns:xsi="http://www.w3.org/2001/XMLSchema-instance" xsi:noNamespaceSchemaLocation="https://maven.apache.org/surefire/maven-surefire-plugin/xsd/surefire-test-report-3.0.xsd" version="3.0" name="com.umgc.AttendanceLogRepositoryTest" time="22.955" tests="2" errors="0" skipped="0" failures="0">
  <properties>
[...]
</properties>
  <testcase name="testAttendanceLogCRUD" classname="com.umgc.AttendanceLogRepositoryTest" time="0.035">
    <system-out><![CDATA[2025-06-28T17:00:16.513-04:00  INFO 11516 --- [           main] t.c.s.AnnotationConfigContextLoaderUtils : Could not detect default configuration classes for test class [com.umgc.AttendanceLogRepositoryTest]: AttendanceLogRepositoryTest does not declare any static, non-private, non-final, nested classes annotated with @Configuration.
2025-06-28T17:00:16.796-04:00  INFO 11516 --- [           main] .b.t.c.SpringBootTestContextBootstrapper : Found @SpringBootConfiguration com.umgc.StartApplication for test class com.umgc.AttendanceLogRepositoryTest
  .   ____          _            __ _ _
 /\\ / ___'_ __ _ _(_)_ __  __ _ \ \ \ \
( ( )\___ | '_ | '_| | '_ \/ _` | \ \ \ \
 \\/  ___)| |_)| | | | | || (_| |  ) ) ) )
  '  |____| .__|_| |_|_| |_\__, | / / / /
 =========|_|==============|___/=/_/_/_/

 :: Spring Boot ::                (v3.3.0)

2025-06-28T17:00:37.799-04:00  INFO 11516 --- [           main] com.umgc.AttendanceLogRepositoryTest     : Starting AttendanceLogRepositoryTest using Java 17.0.15 with PID 11516 (started by hmant in C:\Users\hmant\git\TeamCharlieModular\chkpointcharlie\application)
2025-06-28T17:00:37.799-04:00  INFO 11516 --- [           main] com.umgc.AttendanceLogRepositoryTest     : No active profile set, falling back to 1 default profile: "default"
2025-06-28T17:00:37.928-04:00  INFO 11516 --- [           main] .s.d.r.c.RepositoryConfigurationDelegate : Bootstrapping Spring Data JPA repositories in DEFAULT mode.
2025-06-28T17:00:37.952-04:00  INFO 11516 --- [           main] .s.d.r.c.RepositoryConfigurationDelegate : Finished Spring Data repository scanning in 23 ms. Found 3 JPA repository interfaces.
2025-06-28T17:00:38.074-04:00  INFO 11516 --- [           main] o.s.o.j.p.SpringPersistenceUnitInfo      : No LoadTimeWeaver setup: ignoring JPA class transformer
Hibernate: drop table if exists attendance_log_seq
Hibernate: drop table if exists attendance_log
Hibernate: drop table if exists user
Hibernate: drop table if exists user_access_seq
Hibernate: drop table if exists user_seq
Hibernate: drop table if exists user_access
Hibernate: create table attendance_log_seq (next_val bigint) engine=InnoDB
Hibernate: insert into attendance_log_seq values ( 1 )
Hibernate: create table attendance_log (entry_time bigint, id bigint not null, terminal_id bigint, user_id bigint, entry_type varchar(255), location varchar(255), primary key (id)) engine=InnoDB
Hibernate: create table user (id bigint not null, card_id varchar(255), name varchar(255), role varchar(255), status varchar(255), primary key (id)) engine=InnoDB
Hibernate: create table user_access_seq (next_val bigint) engine=InnoDB
Hibernate: insert into user_access_seq values ( 1 )
Hibernate: create table user_seq (next_val bigint) engine=InnoDB
Hibernate: insert into user_seq values ( 1 )
Hibernate: create table user_access (id bigint not null, location varchar(255), primary key (id)) engine=InnoDB
2025-06-28T17:00:38.655-04:00  INFO 11516 --- [           main] j.LocalContainerEntityManagerFactoryBean : Initialized JPA EntityManagerFactory for persistence unit 'default'
2025-06-28T17:00:38.728-04:00  INFO 11516 --- [           main] com.umgc.AttendanceLogRepositoryTest     : Started AttendanceLogRepositoryTest in 0.959 seconds (process running for 52.935)
Hibernate: select next_val as id_val from attendance_log_seq for update
Hibernate: update attendance_log_seq set next_val= ? where next_val=?
Hibernate: select next_val as id_val from attendance_log_seq for update
Hibernate: update attendance_log_seq set next_val= ? where next_val=?
Hibernate: insert into attendance_log (entry_time,entry_type,location,terminal_id,user_id,id) values (?,?,?,?,?,?)
Hibernate: insert into attendance_log (entry_time,entry_type,location,terminal_id,user_id,id) values (?,?,?,?,?,?)
Hibernate: insert into attendance_log (entry_time,entry_type,location,terminal_id,user_id,id) values (?,?,?,?,?,?)
Hibernate: insert into attendance_log (entry_time,entry_type,location,terminal_id,user_id,id) values (?,?,?,?,?,?)
Hibernate: insert into attendance_log (entry_time,entry_type,location,terminal_id,user_id,id) values (?,?,?,?,?,?)
2025-06-28T17:00:38.800-04:00  INFO 11516 --- [           main] com.umgc.StartApplication                : -------------------------------
2025-06-28T17:00:38.801-04:00  INFO 11516 --- [           main] com.umgc.StartApplication                : findAll(), expect 5 log entries
2025-06-28T17:00:38.801-04:00  INFO 11516 --- [           main] com.umgc.StartApplication                : -------------------------------
Hibernate: select al1_0.id,al1_0.entry_time,al1_0.entry_type,al1_0.location,al1_0.terminal_id,al1_0.user_id from attendance_log al1_0
2025-06-28T17:00:38.816-04:00  INFO 11516 --- [           main] com.umgc.StartApplication                : AttendanceLog [id=1, userId=1, terminalId=1, entryTime=1751144438729, entryType=entryTypeA, location=Main Gate]
2025-06-28T17:00:38.816-04:00  INFO 11516 --- [           main] com.umgc.StartApplication                : AttendanceLog [id=2, userId=2, terminalId=2, entryTime=1751144438730, entryType=entryTypeB, location=Main Gate]
2025-06-28T17:00:38.816-04:00  INFO 11516 --- [           main] com.umgc.StartApplication                : AttendanceLog [id=3, userId=3, terminalId=3, entryTime=1751144438731, entryType=entryTypeC, location=Admin Entrance]
2025-06-28T17:00:38.816-04:00  INFO 11516 --- [           main] com.umgc.StartApplication                : AttendanceLog [id=4, userId=4, terminalId=4, entryTime=1751144438732, entryType=entryTypeD, location=Service Door]
2025-06-28T17:00:38.817-04:00  INFO 11516 --- [           main] com.umgc.StartApplication                : AttendanceLog [id=5, userId=4, terminalId=4, entryTime=1751144438732, entryType=entryTypeD, location=Main Gate]
Hibernate: select next_val as id_val from user_seq for update
Hibernate: update user_seq set next_val= ? where next_val=?
Hibernate: select next_val as id_val from user_seq for update
Hibernate: update user_seq set next_val= ? where next_val=?
Hibernate: insert into user (card_id,name,role,status,id) values (?,?,?,?,?)
Hibernate: insert into user (card_id,name,role,status,id) values (?,?,?,?,?)
Hibernate: insert into user (card_id,name,role,status,id) values (?,?,?,?,?)
Hibernate: insert into user (card_id,name,role,status,id) values (?,?,?,?,?)
2025-06-28T17:00:38.878-04:00  INFO 11516 --- [           main] com.umgc.StartApplication                : -------------------------------
2025-06-28T17:00:38.878-04:00  INFO 11516 --- [           main] com.umgc.StartApplication                : findAll(), expect 4 users
2025-06-28T17:00:38.878-04:00  INFO 11516 --- [           main] com.umgc.StartApplication                : -------------------------------
Hibernate: select u1_0.id,u1_0.card_id,u1_0.name,u1_0.role,u1_0.status from user u1_0
2025-06-28T17:00:38.890-04:00  INFO 11516 --- [           main] com.umgc.StartApplication                : User [id=1, name=Alice Johnson, role=Student, cardId=CARD1001, status=Status01]
2025-06-28T17:00:38.891-04:00  INFO 11516 --- [           main] com.umgc.StartApplication                : User [id=2, name=Dr. Dolittle, role=Professor, cardId=CARD1002, status=Status02]
2025-06-28T17:00:38.891-04:00  INFO 11516 --- [           main] com.umgc.StartApplication                : User [id=3, name=Will Hunting, role=Maintenance, cardId=CARD1003, status=Status03]
2025-06-28T17:00:38.891-04:00  INFO 11516 --- [           main] com.umgc.StartApplication                : User [id=4, name=Dana White, role=Technical Support, cardId=CARD1004, status=Status04]
Hibernate: insert into attendance_log (entry_time,entry_type,location,terminal_id,user_id,id) values (?,?,?,?,?,?)
Hibernate: select al1_0.id,al1_0.entry_time,al1_0.entry_type,al1_0.location,al1_0.terminal_id,al1_0.user_id from attendance_log al1_0 where al1_0.location=?
]]></system-out>
  </testcase>
  <testcase name="testAttendanceLogSaveAndFindById" classname="com.umgc.AttendanceLogRepositoryTest" time="0.009"/>
</testsuite>